jade 2019-12-3_12:57:45 开户
jade 2019-12-3_14:15:21 改密
jade 2019-12-4_13:43:22 存款
jade 2019-12-4_13:43:55 存款
jade 2019-12-4_13:45:57 取款
jade 2019-12-4_13:48:5 存款
jade 2019-12-4_13:48:34 存款
jade 2019-12-4_13:49:1 存款
jade 2019-12-4_13:50:13 存款
jade 2019-12-4_13:51:39 改密
jade 2019-12-4_13:55:10 改密
jade 2019-12-4_13:57:28 存款
jade 2019-12-4_13:58:1 存款
jade 2019-12-4_13:59:40 存款
jade 2019-12-4_14:0:1 取款
jade 2019-12-12_13:5:50 取款
jade 2019-12-19_18:44:36 存款
jade 2019-12-19_18:44:48 挂失
jade 2019-12-19_18:45:39 解挂
jade 2019-12-19_18:45:58 改密
jade 2019-12-19_18:47:30 取款
jade 2019-12-23_13:44:24 存款
jade 2019-12-23_13:44:46 取款
jade 2019-12-23_13:45:35 转账
jade 2019-12-24_15:32:13 存款
jade 2019-12-24_15:32:41 挂失
jade 2019-12-24_15:33:15 解挂
jade 2019-12-24_15:33:24 存款
